2025-10-09 19:32:01.008 [info] [main] Log level: Info
2025-10-09 19:32:01.008 [info] [main] Validating found git in: "git"
2025-10-09 19:32:01.008 [info] [main] Using git "2.43.0" from "git"
2025-10-09 19:32:01.008 [info] [Model][doInitialScan] Initial repository scan started
2025-10-09 19:32:01.008 [info] > git rev-parse --show-toplevel [2ms]
2025-10-09 19:32:01.008 [info] fatal: not a git repository (or any parent up to mount point /)
Stopping at filesystem boundary (GIT_DISCOVERY_ACROSS_FILESYSTEM not set).
2025-10-09 19:32:01.008 [info] > git rev-parse --show-toplevel [2ms]
2025-10-09 19:32:01.008 [info] fatal: not a git repository (or any parent up to mount point /)
Stopping at filesystem boundary (GIT_DISCOVERY_ACROSS_FILESYSTEM not set).
2025-10-09 19:32:01.008 [info] > git rev-parse --show-toplevel [2ms]
2025-10-09 19:32:01.008 [info] fatal: not a git repository (or any parent up to mount point /)
Stopping at filesystem boundary (GIT_DISCOVERY_ACROSS_FILESYSTEM not set).
2025-10-09 19:32:01.008 [info] > git rev-parse --show-toplevel [2ms]
2025-10-09 19:32:01.008 [info] fatal: not a git repository (or any parent up to mount point /)
Stopping at filesystem boundary (GIT_DISCOVERY_ACROSS_FILESYSTEM not set).
2025-10-09 19:32:01.008 [info] > git rev-parse --show-toplevel [2ms]
2025-10-09 19:32:01.008 [info] fatal: not a git repository (or any parent up to mount point /)
Stopping at filesystem boundary (GIT_DISCOVERY_ACROSS_FILESYSTEM not set).
2025-10-09 19:32:01.008 [info] > git rev-parse --show-toplevel [2ms]
2025-10-09 19:32:01.008 [info] fatal: not a git repository (or any parent up to mount point /)
Stopping at filesystem boundary (GIT_DISCOVERY_ACROSS_FILESYSTEM not set).
2025-10-09 19:32:01.008 [info] > git rev-parse --show-toplevel [2ms]
2025-10-09 19:32:01.008 [info] fatal: not a git repository (or any parent up to mount point /)
Stopping at filesystem boundary (GIT_DISCOVERY_ACROSS_FILESYSTEM not set).
2025-10-09 19:32:01.008 [info] > git rev-parse --show-toplevel [2ms]
2025-10-09 19:32:01.008 [info] fatal: not a git repository (or any parent up to mount point /)
Stopping at filesystem boundary (GIT_DISCOVERY_ACROSS_FILESYSTEM not set).
2025-10-09 19:32:01.008 [info] > git rev-parse --show-toplevel [2ms]
2025-10-09 19:32:01.008 [info] fatal: not a git repository (or any parent up to mount point /)
Stopping at filesystem boundary (GIT_DISCOVERY_ACROSS_FILESYSTEM not set).
2025-10-09 19:32:01.008 [info] [Model][doInitialScan] Initial repository scan completed - repositories (0), closed repositories (0), parent repositories (0), unsafe repositories (0)
2025-10-09 19:32:04.604 [info] > git rev-parse --show-toplevel [2ms]
2025-10-09 19:32:04.604 [info] fatal: not a git repository (or any parent up to mount point /)
Stopping at filesystem boundary (GIT_DISCOVERY_ACROSS_FILESYSTEM not set).
2025-10-09 19:32:07.774 [info] > git rev-parse --show-toplevel [7ms]
2025-10-09 19:32:07.774 [info] fatal: not a git repository (or any parent up to mount point /)
Stopping at filesystem boundary (GIT_DISCOVERY_ACROSS_FILESYSTEM not set).
