0 verbose cli /usr/local/nvm/versions/node/v22.20.0/bin/node /usr/local/nvm/versions/node/v22.20.0/bin/npm
0 verbose cli /usr/local/nvm/versions/node/v22.20.0/bin/node /usr/local/nvm/versions/node/v22.20.0/bin/npm
1 info using npm@11.6.1
1 info using npm@11.6.1
2 info using node@v22.20.0
3 silly config load:file:/usr/local/nvm/versions/node/v22.20.0/lib/node_modules/npm/npmrc
2 info using node@v22.20.0
4 silly config load:file:/home/ezekielzechariahlove/.npmrc
5 silly config load:file:/usr/local/nvm/versions/node/v22.20.0/etc/npmrc
3 silly config load:file:/usr/local/nvm/versions/node/v22.20.0/lib/node_modules/npm/npmrc
4 silly config load:file:/home/ezekielzechariahlove/.npmrc
5 silly config load:file:/usr/local/nvm/versions/node/v22.20.0/etc/npmrc
6 verbose title npm config get prefix
6 verbose title npm config get prefix
7 verbose argv "config" "--loglevel" "warn" "get" "prefix"
7 verbose argv "config" "--loglevel" "warn" "get" "prefix"
8 verbose logfile logs-max:10 dir:/home/ezekielzechariahlove/.npm/_logs/2025-10-09T19_13_41_606Z-
8 verbose logfile logs-max:10 dir:/home/ezekielzechariahlove/.npm/_logs/2025-10-09T19_13_41_606Z-
9 verbose logfile /home/ezekielzechariahlove/.npm/_logs/2025-10-09T19_13_41_606Z-debug-0.log
9 verbose logfile /home/ezekielzechariahlove/.npm/_logs/2025-10-09T19_13_41_606Z-debug-0.log
10 silly logfile done cleaning log files
10 silly logfile done cleaning log files
11 verbose cwd /home/ezekielzechariahlove
11 verbose cwd /home/ezekielzechariahlove
12 verbose os Linux 6.6.105+
12 verbose os Linux 6.6.105+
13 verbose node v22.20.0
14 verbose npm  v11.6.1
13 verbose node v22.20.0
14 verbose npm  v11.6.1
15 verbose exit 0
16 info ok
15 verbose exit 0
16 info ok
